app/build/intermediates/manifest_merge_blame_file/release/manifest-merger-blame-release-report.txt
1<?xml version="1.0" encoding="utf-8"?>
2<manifest xmlns:android="http://schemas.android.com/apk/res/android"
3    package="com.example.feodal"
4    android:versionCode="1"
5    android:versionName="1.0" >
6
7    <uses-sdk
8        android:minSdkVersion="26"
8-->src\main\AndroidManifest.xml
9        android:targetSdkVersion="30" />
9-->src\main\AndroidManifest.xml
10
11    <application
11-->src\main\AndroidManifest.xml:5:5-22:19
12        android:allowBackup="true"
12-->src\main\AndroidManifest.xml:6:9-35
13        android:appComponentFactory="androidx.core.app.CoreComponentFactory"
13-->[androidx.core:core:1.3.1] AndroidManifest.xml:24:18-86
14        android:extractNativeLibs="false"
15        android:fullBackupContent="@xml/backup_descriptor"
15-->src\main\AndroidManifest.xml:12:9-59
16        android:icon="@mipmap/ic_launcher"
16-->src\main\AndroidManifest.xml:7:9-43
17        android:label="@string/app_name"
17-->src\main\AndroidManifest.xml:8:9-41
18        android:roundIcon="@mipmap/ic_launcher_round"
18-->src\main\AndroidManifest.xml:9:9-54
19        android:supportsRtl="true"
19-->src\main\AndroidManifest.xml:10:9-35
20        android:theme="@style/AppTheme" >
20-->src\main\AndroidManifest.xml:11:9-40
21        <activity android:name="com.example.feodal.ParametersGame" />
21-->src\main\AndroidManifest.xml:13:9-52
21-->src\main\AndroidManifest.xml:13:19-49
22        <activity android:name="com.example.feodal.Field" />
22-->src\main\AndroidManifest.xml:14:9-43
22-->src\main\AndroidManifest.xml:14:19-40
23        <activity android:name="com.example.feodal.MainActivity" >
23-->src\main\AndroidManifest.xml:15:9-21:20
23-->src\main\AndroidManifest.xml:15:19-47
24            <intent-filter>
24-->src\main\AndroidManifest.xml:16:13-20:29
25                <action android:name="android.intent.action.MAIN" />
25-->src\main\AndroidManifest.xml:17:17-69
25-->src\main\AndroidManifest.xml:17:25-66
26
27                <category android:name="android.intent.category.LAUNCHER" />
27-->src\main\AndroidManifest.xml:19:17-77
27-->src\main\AndroidManifest.xml:19:27-74
28            </intent-filter>
29        </activity>
30    </application>
31
32</manifest>